<?xml version="1.0" encoding="UTF-8"?>
<testsuite xmlns:xsi="http://www.w3.org/2001/XMLSchema-instance" xsi:noNamespaceSchemaLocation="https://maven.apache.org/surefire/maven-surefire-plugin/xsd/surefire-test-report-3.0.xsd" version="3.0" name="runners.TestRunner" time="36.658" tests="0" errors="0" skipped="0" failures="0">
  <properties>
    <property name="sun.desktop" value="windows"/>
    <property name="awt.toolkit" value="sun.awt.windows.WToolkit"/>
    <property name="java.specification.version" value="11"/>
    <property name="sun.cpu.isalist" value="amd64"/>
    <property name="sun.jnu.encoding" value="Cp1254"/>
    <property name="java.class.path" value="C:\Users\Hakan Batirhan.DESKTOP-KA8SOKR\IdeaProjects\Batch129Cucumber_Practice\target\test-classes;C:\Users\Hakan Batirhan.DESKTOP-KA8SOKR\IdeaProjects\Batch129Cucumber_Practice\target\classes;C:\Users\Hakan Batirhan.DESKTOP-KA8SOKR\.m2\repository\org\seleniumhq\selenium\selenium-java\4.12.1\selenium-java-4.12.1.jar;C:\Users\Hakan Batirhan.DESKTOP-KA8SOKR\.m2\repository\org\seleniumhq\selenium\selenium-api\4.12.1\selenium-api-4.12.1.jar;C:\Users\Hakan Batirhan.DESKTOP-KA8SOKR\.m2\repository\org\seleniumhq\selenium\selenium-chrome-driver\4.12.1\selenium-chrome-driver-4.12.1.jar;C:\Users\Hakan Batirhan.DESKTOP-KA8SOKR\.m2\repository\com\google\auto\service\auto-service-annotations\1.1.1\auto-service-annotations-1.1.1.jar;C:\Users\Hakan Batirhan.DESKTOP-KA8SOKR\.m2\repository\com\google\guava\guava\32.1.2-jre\guava-32.1.2-jre.jar;C:\Users\Hakan Batirhan.DESKTOP-KA8SOKR\.m2\repository\com\google\guava\failureaccess\1.0.1\failureaccess-1.0.1.jar;C:\Users\Hakan Batirhan.DESKTOP-KA8SOKR\.m2\repository\com\google\guava\listenablefuture\9999.0-empty-to-avoid-conflict-with-guava\listenablefuture-9999.0-empty-to-avoid-conflict-with-guava.jar;C:\Users\Hakan Batirhan.DESKTOP-KA8SOKR\.m2\repository\com\google\code\findbugs\jsr305\3.0.2\jsr305-3.0.2.jar;C:\Users\Hakan Batirhan.DESKTOP-KA8SOKR\.m2\repository\com\google\errorprone\error_prone_annotations\2.18.0\error_prone_annotations-2.18.0.jar;C:\Users\Hakan Batirhan.DESKTOP-KA8SOKR\.m2\repository\com\google\j2objc\j2objc-annotations\2.8\j2objc-annotations-2.8.jar;C:\Users\Hakan Batirhan.DESKTOP-KA8SOKR\.m2\repository\org\seleniumhq\selenium\selenium-chromium-driver\4.12.1\selenium-chromium-driver-4.12.1.jar;C:\Users\Hakan Batirhan.DESKTOP-KA8SOKR\.m2\repository\org\seleniumhq\selenium\selenium-json\4.12.1\selenium-json-4.12.1.jar;C:\Users\Hakan Batirhan.DESKTOP-KA8SOKR\.m2\repository\org\seleniumhq\selenium\selenium-manager\4.12.1\selenium-manager-4.12.1.jar;C:\Users\Hakan Batirhan.DESKTOP-KA8SOKR\.m2\repository\org\seleniumhq\selenium\selenium-devtools-v114\4.12.1\selenium-devtools-v114-4.12.1.jar;C:\Users\Hakan Batirhan.DESKTOP-KA8SOKR\.m2\repository\org\seleniumhq\selenium\selenium-devtools-v115\4.12.1\selenium-devtools-v115-4.12.1.jar;C:\Users\Hakan Batirhan.DESKTOP-KA8SOKR\.m2\repository\org\seleniumhq\selenium\selenium-devtools-v116\4.12.1\selenium-devtools-v116-4.12.1.jar;C:\Users\Hakan Batirhan.DESKTOP-KA8SOKR\.m2\repository\org\seleniumhq\selenium\selenium-devtools-v85\4.12.1\selenium-devtools-v85-4.12.1.jar;C:\Users\Hakan Batirhan.DESKTOP-KA8SOKR\.m2\repository\org\seleniumhq\selenium\selenium-edge-driver\4.12.1\selenium-edge-driver-4.12.1.jar;C:\Users\Hakan Batirhan.DESKTOP-KA8SOKR\.m2\repository\org\seleniumhq\selenium\selenium-firefox-driver\4.12.1\selenium-firefox-driver-4.12.1.jar;C:\Users\Hakan Batirhan.DESKTOP-KA8SOKR\.m2\repository\org\seleniumhq\selenium\selenium-http\4.12.1\selenium-http-4.12.1.jar;C:\Users\Hakan Batirhan.DESKTOP-KA8SOKR\.m2\repository\dev\failsafe\failsafe\3.3.2\failsafe-3.3.2.jar;C:\Users\Hakan Batirhan.DESKTOP-KA8SOKR\.m2\repository\org\seleniumhq\selenium\selenium-ie-driver\4.12.1\selenium-ie-driver-4.12.1.jar;C:\Users\Hakan Batirhan.DESKTOP-KA8SOKR\.m2\repository\org\seleniumhq\selenium\selenium-remote-driver\4.12.1\selenium-remote-driver-4.12.1.jar;C:\Users\Hakan Batirhan.DESKTOP-KA8SOKR\.m2\repository\io\netty\netty-buffer\4.1.96.Final\netty-buffer-4.1.96.Final.jar;C:\Users\Hakan Batirhan.DESKTOP-KA8SOKR\.m2\repository\io\netty\netty-codec-http\4.1.96.Final\netty-codec-http-4.1.96.Final.jar;C:\Users\Hakan Batirhan.DESKTOP-KA8SOKR\.m2\repository\io\netty\netty-codec\4.1.96.Final\netty-codec-4.1.96.Final.jar;C:\Users\Hakan Batirhan.DESKTOP-KA8SOKR\.m2\repository\io\netty\netty-handler\4.1.96.Final\netty-handler-4.1.96.Final.jar;C:\Users\Hakan Batirhan.DESKTOP-KA8SOKR\.m2\repository\io\netty\netty-common\4.1.96.Final\netty-common-4.1.96.Final.jar;C:\Users\Hakan Batirhan.DESKTOP-KA8SOKR\.m2\repository\io\netty\netty-transport-classes-epoll\4.1.96.Final\netty-transport-classes-epoll-4.1.96.Final.jar;C:\Users\Hakan Batirhan.DESKTOP-KA8SOKR\.m2\repository\io\netty\netty-transport-classes-kqueue\4.1.96.Final\netty-transport-classes-kqueue-4.1.96.Final.jar;C:\Users\Hakan Batirhan.DESKTOP-KA8SOKR\.m2\repository\io\netty\netty-transport-native-epoll\4.1.96.Final\netty-transport-native-epoll-4.1.96.Final.jar;C:\Users\Hakan Batirhan.DESKTOP-KA8SOKR\.m2\repository\io\netty\netty-transport-native-kqueue\4.1.96.Final\netty-transport-native-kqueue-4.1.96.Final.jar;C:\Users\Hakan Batirhan.DESKTOP-KA8SOKR\.m2\repository\io\netty\netty-transport-native-unix-common\4.1.96.Final\netty-transport-native-unix-common-4.1.96.Final.jar;C:\Users\Hakan Batirhan.DESKTOP-KA8SOKR\.m2\repository\io\netty\netty-transport\4.1.96.Final\netty-transport-4.1.96.Final.jar;C:\Users\Hakan Batirhan.DESKTOP-KA8SOKR\.m2\repository\io\netty\netty-resolver\4.1.96.Final\netty-resolver-4.1.96.Final.jar;C:\Users\Hakan Batirhan.DESKTOP-KA8SOKR\.m2\repository\io\opentelemetry\opentelemetry-api\1.28.0\opentelemetry-api-1.28.0.jar;C:\Users\Hakan Batirhan.DESKTOP-KA8SOKR\.m2\repository\io\opentelemetry\opentelemetry-context\1.28.0\opentelemetry-context-1.28.0.jar;C:\Users\Hakan Batirhan.DESKTOP-KA8SOKR\.m2\repository\io\opentelemetry\opentelemetry-exporter-logging\1.28.0\opentelemetry-exporter-logging-1.28.0.jar;C:\Users\Hakan Batirhan.DESKTOP-KA8SOKR\.m2\repository\io\opentelemetry\opentelemetry-sdk-metrics\1.28.0\opentelemetry-sdk-metrics-1.28.0.jar;C:\Users\Hakan Batirhan.DESKTOP-KA8SOKR\.m2\repository\io\opentelemetry\opentelemetry-extension-incubator\1.28.0-alpha\opentelemetry-extension-incubator-1.28.0-alpha.jar;C:\Users\Hakan Batirhan.DESKTOP-KA8SOKR\.m2\repository\io\opentelemetry\opentelemetry-sdk-logs\1.28.0\opentelemetry-sdk-logs-1.28.0.jar;C:\Users\Hakan Batirhan.DESKTOP-KA8SOKR\.m2\repository\io\opentelemetry\opentelemetry-sdk-common\1.28.0\opentelemetry-sdk-common-1.28.0.jar;C:\Users\Hakan Batirhan.DESKTOP-KA8SOKR\.m2\repository\io\opentelemetry\opentelemetry-sdk-extension-autoconfigure-spi\1.28.0\opentelemetry-sdk-extension-autoconfigure-spi-1.28.0.jar;C:\Users\Hakan Batirhan.DESKTOP-KA8SOKR\.m2\repository\io\opentelemetry\opentelemetry-sdk-extension-autoconfigure\1.28.0\opentelemetry-sdk-extension-autoconfigure-1.28.0.jar;C:\Users\Hakan Batirhan.DESKTOP-KA8SOKR\.m2\repository\io\opentelemetry\opentelemetry-api-events\1.28.0-alpha\opentelemetry-api-events-1.28.0-alpha.jar;C:\Users\Hakan Batirhan.DESKTOP-KA8SOKR\.m2\repository\io\opentelemetry\opentelemetry-sdk-trace\1.28.0\opentelemetry-sdk-trace-1.28.0.jar;C:\Users\Hakan Batirhan.DESKTOP-KA8SOKR\.m2\repository\io\opentelemetry\opentelemetry-sdk\1.28.0\opentelemetry-sdk-1.28.0.jar;C:\Users\Hakan Batirhan.DESKTOP-KA8SOKR\.m2\repository\io\opentelemetry\opentelemetry-semconv\1.28.0-alpha\opentelemetry-semconv-1.28.0-alpha.jar;C:\Users\Hakan Batirhan.DESKTOP-KA8SOKR\.m2\repository\net\bytebuddy\byte-buddy\1.14.5\byte-buddy-1.14.5.jar;C:\Users\Hakan Batirhan.DESKTOP-KA8SOKR\.m2\repository\org\asynchttpclient\async-http-client\2.12.3\async-http-client-2.12.3.jar;C:\Users\Hakan Batirhan.DESKTOP-KA8SOKR\.m2\repository\org\asynchttpclient\async-http-client-netty-utils\2.12.3\async-http-client-netty-utils-2.12.3.jar;C:\Users\Hakan Batirhan.DESKTOP-KA8SOKR\.m2\repository\io\netty\netty-codec-socks\4.1.60.Final\netty-codec-socks-4.1.60.Final.jar;C:\Users\Hakan Batirhan.DESKTOP-KA8SOKR\.m2\repository\io\netty\netty-handler-proxy\4.1.60.Final\netty-handler-proxy-4.1.60.Final.jar;C:\Users\Hakan Batirhan.DESKTOP-KA8SOKR\.m2\repository\io\netty\netty-transport-native-epoll\4.1.60.Final\netty-transport-native-epoll-4.1.60.Final-linux-x86_64.jar;C:\Users\Hakan Batirhan.DESKTOP-KA8SOKR\.m2\repository\io\netty\netty-transport-native-kqueue\4.1.60.Final\netty-transport-native-kqueue-4.1.60.Final-osx-x86_64.jar;C:\Users\Hakan Batirhan.DESKTOP-KA8SOKR\.m2\repository\com\typesafe\netty\netty-reactive-streams\2.0.4\netty-reactive-streams-2.0.4.jar;C:\Users\Hakan Batirhan.DESKTOP-KA8SOKR\.m2\repository\com\sun\activation\jakarta.activation\1.2.2\jakarta.activation-1.2.2.jar;C:\Users\Hakan Batirhan.DESKTOP-KA8SOKR\.m2\repository\org\seleniumhq\selenium\selenium-os\4.12.1\selenium-os-4.12.1.jar;C:\Users\Hakan Batirhan.DESKTOP-KA8SOKR\.m2\repository\org\apache\commons\commons-exec\1.3\commons-exec-1.3.jar;C:\Users\Hakan Batirhan.DESKTOP-KA8SOKR\.m2\repository\org\seleniumhq\selenium\selenium-safari-driver\4.12.1\selenium-safari-driver-4.12.1.jar;C:\Users\Hakan Batirhan.DESKTOP-KA8SOKR\.m2\repository\org\seleniumhq\selenium\selenium-support\4.12.1\selenium-support-4.12.1.jar;C:\Users\Hakan Batirhan.DESKTOP-KA8SOKR\.m2\repository\io\cucumber\cucumber-java\7.11.2\cucumber-java-7.11.2.jar;C:\Users\Hakan Batirhan.DESKTOP-KA8SOKR\.m2\repository\io\cucumber\cucumber-core\7.11.2\cucumber-core-7.11.2.jar;C:\Users\Hakan Batirhan.DESKTOP-KA8SOKR\.m2\repository\io\cucumber\cucumber-gherkin\7.11.2\cucumber-gherkin-7.11.2.jar;C:\Users\Hakan Batirhan.DESKTOP-KA8SOKR\.m2\repository\io\cucumber\cucumber-gherkin-messages\7.11.2\cucumber-gherkin-messages-7.11.2.jar;C:\Users\Hakan Batirhan.DESKTOP-KA8SOKR\.m2\repository\io\cucumber\gherkin\26.0.3\gherkin-26.0.3.jar;C:\Users\Hakan Batirhan.DESKTOP-KA8SOKR\.m2\repository\io\cucumber\messages\21.0.1\messages-21.0.1.jar;C:\Users\Hakan Batirhan.DESKTOP-KA8SOKR\.m2\repository\io\cucumber\tag-expressions\5.0.1\tag-expressions-5.0.1.jar;C:\Users\Hakan Batirhan.DESKTOP-KA8SOKR\.m2\repository\io\cucumber\cucumber-expressions\16.1.2\cucumber-expressions-16.1.2.jar;C:\Users\Hakan Batirhan.DESKTOP-KA8SOKR\.m2\repository\io\cucumber\datatable\7.11.2\datatable-7.11.2.jar;C:\Users\Hakan Batirhan.DESKTOP-KA8SOKR\.m2\repository\io\cucumber\cucumber-plugin\7.11.2\cucumber-plugin-7.11.2.jar;C:\Users\Hakan Batirhan.DESKTOP-KA8SOKR\.m2\repository\io\cucumber\docstring\7.11.2\docstring-7.11.2.jar;C:\Users\Hakan Batirhan.DESKTOP-KA8SOKR\.m2\repository\io\cucumber\html-formatter\20.2.1\html-formatter-20.2.1.jar;C:\Users\Hakan Batirhan.DESKTOP-KA8SOKR\.m2\repository\io\cucumber\junit-xml-formatter\0.1.0\junit-xml-formatter-0.1.0.jar;C:\Users\Hakan Batirhan.DESKTOP-KA8SOKR\.m2\repository\io\cucumber\ci-environment\9.1.0\ci-environment-9.1.0.jar;C:\Users\Hakan Batirhan.DESKTOP-KA8SOKR\.m2\repository\org\apiguardian\apiguardian-api\1.1.2\apiguardian-api-1.1.2.jar;C:\Users\Hakan Batirhan.DESKTOP-KA8SOKR\.m2\repository\io\cucumber\cucumber-junit\7.11.2\cucumber-junit-7.11.2.jar;C:\Users\Hakan Batirhan.DESKTOP-KA8SOKR\.m2\repository\junit\junit\4.13.2\junit-4.13.2.jar;C:\Users\Hakan Batirhan.DESKTOP-KA8SOKR\.m2\repository\org\hamcrest\hamcrest-core\1.3\hamcrest-core-1.3.jar;C:\Users\Hakan Batirhan.DESKTOP-KA8SOKR\.m2\repository\org\apache\poi\poi\5.2.3\poi-5.2.3.jar;C:\Users\Hakan Batirhan.DESKTOP-KA8SOKR\.m2\repository\commons-codec\commons-codec\1.15\commons-codec-1.15.jar;C:\Users\Hakan Batirhan.DESKTOP-KA8SOKR\.m2\repository\org\apache\commons\commons-collections4\4.4\commons-collections4-4.4.jar;C:\Users\Hakan Batirhan.DESKTOP-KA8SOKR\.m2\repository\org\apache\commons\commons-math3\3.6.1\commons-math3-3.6.1.jar;C:\Users\Hakan Batirhan.DESKTOP-KA8SOKR\.m2\repository\commons-io\commons-io\2.11.0\commons-io-2.11.0.jar;C:\Users\Hakan Batirhan.DESKTOP-KA8SOKR\.m2\repository\com\zaxxer\SparseBitSet\1.2\SparseBitSet-1.2.jar;C:\Users\Hakan Batirhan.DESKTOP-KA8SOKR\.m2\repository\org\apache\logging\log4j\log4j-api\2.18.0\log4j-api-2.18.0.jar;C:\Users\Hakan Batirhan.DESKTOP-KA8SOKR\.m2\repository\tech\grasshopper\extentreports-cucumber7-adapter\1.13.0\extentreports-cucumber7-adapter-1.13.0.jar;C:\Users\Hakan Batirhan.DESKTOP-KA8SOKR\.m2\repository\tech\grasshopper\extent-pdf-report\2.11.0\extent-pdf-report-2.11.0.jar;C:\Users\Hakan Batirhan.DESKTOP-KA8SOKR\.m2\repository\tech\grasshopper\cucumber-pdf-report\2.13.0\cucumber-pdf-report-2.13.0.jar;C:\Users\Hakan Batirhan.DESKTOP-KA8SOKR\.m2\repository\org\apache\pdfbox\pdfbox\2.0.26\pdfbox-2.0.26.jar;C:\Users\Hakan Batirhan.DESKTOP-KA8SOKR\.m2\repository\org\apache\pdfbox\fontbox\2.0.26\fontbox-2.0.26.jar;C:\Users\Hakan Batirhan.DESKTOP-KA8SOKR\.m2\repository\org\knowm\xchart\xchart\3.8.0\xchart-3.8.0.jar;C:\Users\Hakan Batirhan.DESKTOP-KA8SOKR\.m2\repository\de\erichseifert\vectorgraphics2d\VectorGraphics2D\0.13\VectorGraphics2D-0.13.jar;C:\Users\Hakan Batirhan.DESKTOP-KA8SOKR\.m2\repository\de\rototor\pdfbox\graphics2d\0.30\graphics2d-0.30.jar;C:\Users\Hakan Batirhan.DESKTOP-KA8SOKR\.m2\repository\com\madgag\animated-gif-lib\1.4\animated-gif-lib-1.4.jar;C:\Users\Hakan Batirhan.DESKTOP-KA8SOKR\.m2\repository\org\yaml\snakeyaml\2.0\snakeyaml-2.0.jar;C:\Users\Hakan Batirhan.DESKTOP-KA8SOKR\.m2\repository\tech\grasshopper\table-layout\1.5.1\table-layout-1.5.1.jar;C:\Users\Hakan Batirhan.DESKTOP-KA8SOKR\.m2\repository\tech\grasshopper\rest-assured-cucumber-pdf-report\1.4.1\rest-assured-cucumber-pdf-report-1.4.1.jar;C:\Users\Hakan Batirhan.DESKTOP-KA8SOKR\.m2\repository\org\jsoup\jsoup\1.15.3\jsoup-1.15.3.jar;C:\Users\Hakan Batirhan.DESKTOP-KA8SOKR\.m2\repository\com\aventstack\klov-reporter\5.0.9\klov-reporter-5.0.9.jar;C:\Users\Hakan Batirhan.DESKTOP-KA8SOKR\.m2\repository\org\mongodb\mongodb-driver\3.6.4\mongodb-driver-3.6.4.jar;C:\Users\Hakan Batirhan.DESKTOP-KA8SOKR\.m2\repository\org\mongodb\mongodb-driver-core\3.6.4\mongodb-driver-core-3.6.4.jar;C:\Users\Hakan Batirhan.DESKTOP-KA8SOKR\.m2\repository\org\mongodb\bson\3.6.4\bson-3.6.4.jar;C:\Users\Hakan Batirhan.DESKTOP-KA8SOKR\.m2\repository\tech\grasshopper\htmlextentreporter\1.0.1\htmlextentreporter-1.0.1.jar;C:\Users\Hakan Batirhan.DESKTOP-KA8SOKR\.m2\repository\tech\grasshopper\extent-excel-report\1.3.0\extent-excel-report-1.3.0.jar;C:\Users\Hakan Batirhan.DESKTOP-KA8SOKR\.m2\repository\org\testng\testng\7.8.0\testng-7.8.0.jar;C:\Users\Hakan Batirhan.DESKTOP-KA8SOKR\.m2\repository\com\beust\jcommander\1.82\jcommander-1.82.jar;C:\Users\Hakan Batirhan.DESKTOP-KA8SOKR\.m2\repository\org\webjars\jquery\3.6.1\jquery-3.6.1.jar;C:\Users\Hakan Batirhan.DESKTOP-KA8SOKR\.m2\repository\com\aventstack\extentreports\5.0.9\extentreports-5.0.9.jar;C:\Users\Hakan Batirhan.DESKTOP-KA8SOKR\.m2\repository\io\reactivex\rxjava3\rxjava\3.0.4\rxjava-3.0.4.jar;C:\Users\Hakan Batirhan.DESKTOP-KA8SOKR\.m2\repository\org\reactivestreams\reactive-streams\1.0.3\reactive-streams-1.0.3.jar;C:\Users\Hakan Batirhan.DESKTOP-KA8SOKR\.m2\repository\org\freemarker\freemarker\2.3.30\freemarker-2.3.30.jar;C:\Users\Hakan Batirhan.DESKTOP-KA8SOKR\.m2\repository\com\google\code\gson\gson\2.8.6\gson-2.8.6.jar;C:\Users\Hakan Batirhan.DESKTOP-KA8SOKR\.m2\repository\com\github\javafaker\javafaker\1.0.1\javafaker-1.0.1.jar;C:\Users\Hakan Batirhan.DESKTOP-KA8SOKR\.m2\repository\org\apache\commons\commons-lang3\3.5\commons-lang3-3.5.jar;C:\Users\Hakan Batirhan.DESKTOP-KA8SOKR\.m2\repository\org\yaml\snakeyaml\1.23\snakeyaml-1.23-android.jar;C:\Users\Hakan Batirhan.DESKTOP-KA8SOKR\.m2\repository\com\github\mifmif\generex\1.0.2\generex-1.0.2.jar;C:\Users\Hakan Batirhan.DESKTOP-KA8SOKR\.m2\repository\dk\brics\automaton\automaton\1.11-8\automaton-1.11-8.jar;C:\Users\Hakan Batirhan.DESKTOP-KA8SOKR\.m2\repository\org\postgresql\postgresql\42.6.0\postgresql-42.6.0.jar;C:\Users\Hakan Batirhan.DESKTOP-KA8SOKR\.m2\repository\org\checkerframework\checker-qual\3.31.0\checker-qual-3.31.0.jar;C:\Users\Hakan Batirhan.DESKTOP-KA8SOKR\.m2\repository\org\apache\poi\poi-ooxml\5.2.3\poi-ooxml-5.2.3.jar;C:\Users\Hakan Batirhan.DESKTOP-KA8SOKR\.m2\repository\org\apache\poi\poi-ooxml-lite\5.2.3\poi-ooxml-lite-5.2.3.jar;C:\Users\Hakan Batirhan.DESKTOP-KA8SOKR\.m2\repository\org\apache\xmlbeans\xmlbeans\5.1.1\xmlbeans-5.1.1.jar;C:\Users\Hakan Batirhan.DESKTOP-KA8SOKR\.m2\repository\org\apache\commons\commons-compress\1.21\commons-compress-1.21.jar;C:\Users\Hakan Batirhan.DESKTOP-KA8SOKR\.m2\repository\com\github\virtuald\curvesapi\1.07\curvesapi-1.07.jar;C:\Users\Hakan Batirhan.DESKTOP-KA8SOKR\.m2\repository\log4j\log4j\1.2.17\log4j-1.2.17.jar;C:\Users\Hakan Batirhan.DESKTOP-KA8SOKR\.m2\repository\org\projectlombok\lombok\1.18.26\lombok-1.18.26.jar;C:\Users\Hakan Batirhan.DESKTOP-KA8SOKR\.m2\repository\io\rest-assured\rest-assured\5.3.1\rest-assured-5.3.1.jar;C:\Users\Hakan Batirhan.DESKTOP-KA8SOKR\.m2\repository\org\apache\groovy\groovy\4.0.11\groovy-4.0.11.jar;C:\Users\Hakan Batirhan.DESKTOP-KA8SOKR\.m2\repository\org\apache\groovy\groovy-xml\4.0.11\groovy-xml-4.0.11.jar;C:\Users\Hakan Batirhan.DESKTOP-KA8SOKR\.m2\repository\org\apache\httpcomponents\httpclient\4.5.13\httpclient-4.5.13.jar;C:\Users\Hakan Batirhan.DESKTOP-KA8SOKR\.m2\repository\org\apache\httpcomponents\httpcore\4.4.13\httpcore-4.4.13.jar;C:\Users\Hakan Batirhan.DESKTOP-KA8SOKR\.m2\repository\commons-logging\commons-logging\1.2\commons-logging-1.2.jar;C:\Users\Hakan Batirhan.DESKTOP-KA8SOKR\.m2\repository\org\apache\httpcomponents\httpmime\4.5.13\httpmime-4.5.13.jar;C:\Users\Hakan Batirhan.DESKTOP-KA8SOKR\.m2\repository\org\hamcrest\hamcrest\2.2\hamcrest-2.2.jar;C:\Users\Hakan Batirhan.DESKTOP-KA8SOKR\.m2\repository\org\ccil\cowan\tagsoup\tagsoup\1.2.1\tagsoup-1.2.1.jar;C:\Users\Hakan Batirhan.DESKTOP-KA8SOKR\.m2\repository\io\rest-assured\json-path\5.3.1\json-path-5.3.1.jar;C:\Users\Hakan Batirhan.DESKTOP-KA8SOKR\.m2\repository\org\apache\groovy\groovy-json\4.0.11\groovy-json-4.0.11.jar;C:\Users\Hakan Batirhan.DESKTOP-KA8SOKR\.m2\repository\io\rest-assured\rest-assured-common\5.3.1\rest-assured-common-5.3.1.jar;C:\Users\Hakan Batirhan.DESKTOP-KA8SOKR\.m2\repository\io\rest-assured\xml-path\5.3.1\xml-path-5.3.1.jar;C:\Users\Hakan Batirhan.DESKTOP-KA8SOKR\.m2\repository\org\slf4j\slf4j-api\1.7.36\slf4j-api-1.7.36.jar;C:\Users\Hakan Batirhan.DESKTOP-KA8SOKR\.m2\repository\org\slf4j\slf4j-simple\1.7.36\slf4j-simple-1.7.36.jar;"/>
    <property name="java.vm.vendor" value="Oracle Corporation"/>
    <property name="sun.arch.data.model" value="64"/>
    <property name="user.variant" value=""/>
    <property name="java.vendor.url" value="https://openjdk.java.net/"/>
    <property name="user.timezone" value="Asia/Istanbul"/>
    <property name="java.vm.specification.version" value="11"/>
    <property name="os.name" value="Windows 10"/>
    <property name="sun.java.launcher" value="SUN_STANDARD"/>
    <property name="user.country" value="TR"/>
    <property name="sun.boot.library.path" value="C:\Program Files\Java\jdk-11\bin"/>
    <property name="sun.java.command" value="C:\Users\Hakan Batirhan.DESKTOP-KA8SOKR\AppData\Local\Temp\surefire14676019177696209570\surefirebooter-20231009182438081_3.jar C:\Users\Hakan Batirhan.DESKTOP-KA8SOKR\AppData\Local\Temp\surefire14676019177696209570 2023-10-09T18-24-37_315-jvmRun1 surefire-20231009182438081_1tmp surefire_0-20231009182438081_2tmp"/>
    <property name="jdk.debug" value="release"/>
    <property name="surefire.test.class.path" value="C:\Users\Hakan Batirhan.DESKTOP-KA8SOKR\IdeaProjects\Batch129Cucumber_Practice\target\test-classes;C:\Users\Hakan Batirhan.DESKTOP-KA8SOKR\IdeaProjects\Batch129Cucumber_Practice\target\classes;C:\Users\Hakan Batirhan.DESKTOP-KA8SOKR\.m2\repository\org\seleniumhq\selenium\selenium-java\4.12.1\selenium-java-4.12.1.jar;C:\Users\Hakan Batirhan.DESKTOP-KA8SOKR\.m2\repository\org\seleniumhq\selenium\selenium-api\4.12.1\selenium-api-4.12.1.jar;C:\Users\Hakan Batirhan.DESKTOP-KA8SOKR\.m2\repository\org\seleniumhq\selenium\selenium-chrome-driver\4.12.1\selenium-chrome-driver-4.12.1.jar;C:\Users\Hakan Batirhan.DESKTOP-KA8SOKR\.m2\repository\com\google\auto\service\auto-service-annotations\1.1.1\auto-service-annotations-1.1.1.jar;C:\Users\Hakan Batirhan.DESKTOP-KA8SOKR\.m2\repository\com\google\guava\guava\32.1.2-jre\guava-32.1.2-jre.jar;C:\Users\Hakan Batirhan.DESKTOP-KA8SOKR\.m2\repository\com\google\guava\failureaccess\1.0.1\failureaccess-1.0.1.jar;C:\Users\Hakan Batirhan.DESKTOP-KA8SOKR\.m2\repository\com\google\guava\listenablefuture\9999.0-empty-to-avoid-conflict-with-guava\listenablefuture-9999.0-empty-to-avoid-conflict-with-guava.jar;C:\Users\Hakan Batirhan.DESKTOP-KA8SOKR\.m2\repository\com\google\code\findbugs\jsr305\3.0.2\jsr305-3.0.2.jar;C:\Users\Hakan Batirhan.DESKTOP-KA8SOKR\.m2\repository\com\google\errorprone\error_prone_annotations\2.18.0\error_prone_annotations-2.18.0.jar;C:\Users\Hakan Batirhan.DESKTOP-KA8SOKR\.m2\repository\com\google\j2objc\j2objc-annotations\2.8\j2objc-annotations-2.8.jar;C:\Users\Hakan Batirhan.DESKTOP-KA8SOKR\.m2\repository\org\seleniumhq\selenium\selenium-chromium-driver\4.12.1\selenium-chromium-driver-4.12.1.jar;C:\Users\Hakan Batirhan.DESKTOP-KA8SOKR\.m2\repository\org\seleniumhq\selenium\selenium-json\4.12.1\selenium-json-4.12.1.jar;C:\Users\Hakan Batirhan.DESKTOP-KA8SOKR\.m2\repository\org\seleniumhq\selenium\selenium-manager\4.12.1\selenium-manager-4.12.1.jar;C:\Users\Hakan Batirhan.DESKTOP-KA8SOKR\.m2\repository\org\seleniumhq\selenium\selenium-devtools-v114\4.12.1\selenium-devtools-v114-4.12.1.jar;C:\Users\Hakan Batirhan.DESKTOP-KA8SOKR\.m2\repository\org\seleniumhq\selenium\selenium-devtools-v115\4.12.1\selenium-devtools-v115-4.12.1.jar;C:\Users\Hakan Batirhan.DESKTOP-KA8SOKR\.m2\repository\org\seleniumhq\selenium\selenium-devtools-v116\4.12.1\selenium-devtools-v116-4.12.1.jar;C:\Users\Hakan Batirhan.DESKTOP-KA8SOKR\.m2\repository\org\seleniumhq\selenium\selenium-devtools-v85\4.12.1\selenium-devtools-v85-4.12.1.jar;C:\Users\Hakan Batirhan.DESKTOP-KA8SOKR\.m2\repository\org\seleniumhq\selenium\selenium-edge-driver\4.12.1\selenium-edge-driver-4.12.1.jar;C:\Users\Hakan Batirhan.DESKTOP-KA8SOKR\.m2\repository\org\seleniumhq\selenium\selenium-firefox-driver\4.12.1\selenium-firefox-driver-4.12.1.jar;C:\Users\Hakan Batirhan.DESKTOP-KA8SOKR\.m2\repository\org\seleniumhq\selenium\selenium-http\4.12.1\selenium-http-4.12.1.jar;C:\Users\Hakan Batirhan.DESKTOP-KA8SOKR\.m2\repository\dev\failsafe\failsafe\3.3.2\failsafe-3.3.2.jar;C:\Users\Hakan Batirhan.DESKTOP-KA8SOKR\.m2\repository\org\seleniumhq\selenium\selenium-ie-driver\4.12.1\selenium-ie-driver-4.12.1.jar;C:\Users\Hakan Batirhan.DESKTOP-KA8SOKR\.m2\repository\org\seleniumhq\selenium\selenium-remote-driver\4.12.1\selenium-remote-driver-4.12.1.jar;C:\Users\Hakan Batirhan.DESKTOP-KA8SOKR\.m2\repository\io\netty\netty-buffer\4.1.96.Final\netty-buffer-4.1.96.Final.jar;C:\Users\Hakan Batirhan.DESKTOP-KA8SOKR\.m2\repository\io\netty\netty-codec-http\4.1.96.Final\netty-codec-http-4.1.96.Final.jar;C:\Users\Hakan Batirhan.DESKTOP-KA8SOKR\.m2\repository\io\netty\netty-codec\4.1.96.Final\netty-codec-4.1.96.Final.jar;C:\Users\Hakan Batirhan.DESKTOP-KA8SOKR\.m2\repository\io\netty\netty-handler\4.1.96.Final\netty-handler-4.1.96.Final.jar;C:\Users\Hakan Batirhan.DESKTOP-KA8SOKR\.m2\repository\io\netty\netty-common\4.1.96.Final\netty-common-4.1.96.Final.jar;C:\Users\Hakan Batirhan.DESKTOP-KA8SOKR\.m2\repository\io\netty\netty-transport-classes-epoll\4.1.96.Final\netty-transport-classes-epoll-4.1.96.Final.jar;C:\Users\Hakan Batirhan.DESKTOP-KA8SOKR\.m2\repository\io\netty\netty-transport-classes-kqueue\4.1.96.Final\netty-transport-classes-kqueue-4.1.96.Final.jar;C:\Users\Hakan Batirhan.DESKTOP-KA8SOKR\.m2\repository\io\netty\netty-transport-native-epoll\4.1.96.Final\netty-transport-native-epoll-4.1.96.Final.jar;C:\Users\Hakan Batirhan.DESKTOP-KA8SOKR\.m2\repository\io\netty\netty-transport-native-kqueue\4.1.96.Final\netty-transport-native-kqueue-4.1.96.Final.jar;C:\Users\Hakan Batirhan.DESKTOP-KA8SOKR\.m2\repository\io\netty\netty-transport-native-unix-common\4.1.96.Final\netty-transport-native-unix-common-4.1.96.Final.jar;C:\Users\Hakan Batirhan.DESKTOP-KA8SOKR\.m2\repository\io\netty\netty-transport\4.1.96.Final\netty-transport-4.1.96.Final.jar;C:\Users\Hakan Batirhan.DESKTOP-KA8SOKR\.m2\repository\io\netty\netty-resolver\4.1.96.Final\netty-resolver-4.1.96.Final.jar;C:\Users\Hakan Batirhan.DESKTOP-KA8SOKR\.m2\repository\io\opentelemetry\opentelemetry-api\1.28.0\opentelemetry-api-1.28.0.jar;C:\Users\Hakan Batirhan.DESKTOP-KA8SOKR\.m2\repository\io\opentelemetry\opentelemetry-context\1.28.0\opentelemetry-context-1.28.0.jar;C:\Users\Hakan Batirhan.DESKTOP-KA8SOKR\.m2\repository\io\opentelemetry\opentelemetry-exporter-logging\1.28.0\opentelemetry-exporter-logging-1.28.0.jar;C:\Users\Hakan Batirhan.DESKTOP-KA8SOKR\.m2\repository\io\opentelemetry\opentelemetry-sdk-metrics\1.28.0\opentelemetry-sdk-metrics-1.28.0.jar;C:\Users\Hakan Batirhan.DESKTOP-KA8SOKR\.m2\repository\io\opentelemetry\opentelemetry-extension-incubator\1.28.0-alpha\opentelemetry-extension-incubator-1.28.0-alpha.jar;C:\Users\Hakan Batirhan.DESKTOP-KA8SOKR\.m2\repository\io\opentelemetry\opentelemetry-sdk-logs\1.28.0\opentelemetry-sdk-logs-1.28.0.jar;C:\Users\Hakan Batirhan.DESKTOP-KA8SOKR\.m2\repository\io\opentelemetry\opentelemetry-sdk-common\1.28.0\opentelemetry-sdk-common-1.28.0.jar;C:\Users\Hakan Batirhan.DESKTOP-KA8SOKR\.m2\repository\io\opentelemetry\opentelemetry-sdk-extension-autoconfigure-spi\1.28.0\opentelemetry-sdk-extension-autoconfigure-spi-1.28.0.jar;C:\Users\Hakan Batirhan.DESKTOP-KA8SOKR\.m2\repository\io\opentelemetry\opentelemetry-sdk-extension-autoconfigure\1.28.0\opentelemetry-sdk-extension-autoconfigure-1.28.0.jar;C:\Users\Hakan Batirhan.DESKTOP-KA8SOKR\.m2\repository\io\opentelemetry\opentelemetry-api-events\1.28.0-alpha\opentelemetry-api-events-1.28.0-alpha.jar;C:\Users\Hakan Batirhan.DESKTOP-KA8SOKR\.m2\repository\io\opentelemetry\opentelemetry-sdk-trace\1.28.0\opentelemetry-sdk-trace-1.28.0.jar;C:\Users\Hakan Batirhan.DESKTOP-KA8SOKR\.m2\repository\io\opentelemetry\opentelemetry-sdk\1.28.0\opentelemetry-sdk-1.28.0.jar;C:\Users\Hakan Batirhan.DESKTOP-KA8SOKR\.m2\repository\io\opentelemetry\opentelemetry-semconv\1.28.0-alpha\opentelemetry-semconv-1.28.0-alpha.jar;C:\Users\Hakan Batirhan.DESKTOP-KA8SOKR\.m2\repository\net\bytebuddy\byte-buddy\1.14.5\byte-buddy-1.14.5.jar;C:\Users\Hakan Batirhan.DESKTOP-KA8SOKR\.m2\repository\org\asynchttpclient\async-http-client\2.12.3\async-http-client-2.12.3.jar;C:\Users\Hakan Batirhan.DESKTOP-KA8SOKR\.m2\repository\org\asynchttpclient\async-http-client-netty-utils\2.12.3\async-http-client-netty-utils-2.12.3.jar;C:\Users\Hakan Batirhan.DESKTOP-KA8SOKR\.m2\repository\io\netty\netty-codec-socks\4.1.60.Final\netty-codec-socks-4.1.60.Final.jar;C:\Users\Hakan Batirhan.DESKTOP-KA8SOKR\.m2\repository\io\netty\netty-handler-proxy\4.1.60.Final\netty-handler-proxy-4.1.60.Final.jar;C:\Users\Hakan Batirhan.DESKTOP-KA8SOKR\.m2\repository\io\netty\netty-transport-native-epoll\4.1.60.Final\netty-transport-native-epoll-4.1.60.Final-linux-x86_64.jar;C:\Users\Hakan Batirhan.DESKTOP-KA8SOKR\.m2\repository\io\netty\netty-transport-native-kqueue\4.1.60.Final\netty-transport-native-kqueue-4.1.60.Final-osx-x86_64.jar;C:\Users\Hakan Batirhan.DESKTOP-KA8SOKR\.m2\repository\com\typesafe\netty\netty-reactive-streams\2.0.4\netty-reactive-streams-2.0.4.jar;C:\Users\Hakan Batirhan.DESKTOP-KA8SOKR\.m2\repository\com\sun\activation\jakarta.activation\1.2.2\jakarta.activation-1.2.2.jar;C:\Users\Hakan Batirhan.DESKTOP-KA8SOKR\.m2\repository\org\seleniumhq\selenium\selenium-os\4.12.1\selenium-os-4.12.1.jar;C:\Users\Hakan Batirhan.DESKTOP-KA8SOKR\.m2\repository\org\apache\commons\commons-exec\1.3\commons-exec-1.3.jar;C:\Users\Hakan Batirhan.DESKTOP-KA8SOKR\.m2\repository\org\seleniumhq\selenium\selenium-safari-driver\4.12.1\selenium-safari-driver-4.12.1.jar;C:\Users\Hakan Batirhan.DESKTOP-KA8SOKR\.m2\repository\org\seleniumhq\selenium\selenium-support\4.12.1\selenium-support-4.12.1.jar;C:\Users\Hakan Batirhan.DESKTOP-KA8SOKR\.m2\repository\io\cucumber\cucumber-java\7.11.2\cucumber-java-7.11.2.jar;C:\Users\Hakan Batirhan.DESKTOP-KA8SOKR\.m2\repository\io\cucumber\cucumber-core\7.11.2\cucumber-core-7.11.2.jar;C:\Users\Hakan Batirhan.DESKTOP-KA8SOKR\.m2\repository\io\cucumber\cucumber-gherkin\7.11.2\cucumber-gherkin-7.11.2.jar;C:\Users\Hakan Batirhan.DESKTOP-KA8SOKR\.m2\repository\io\cucumber\cucumber-gherkin-messages\7.11.2\cucumber-gherkin-messages-7.11.2.jar;C:\Users\Hakan Batirhan.DESKTOP-KA8SOKR\.m2\repository\io\cucumber\gherkin\26.0.3\gherkin-26.0.3.jar;C:\Users\Hakan Batirhan.DESKTOP-KA8SOKR\.m2\repository\io\cucumber\messages\21.0.1\messages-21.0.1.jar;C:\Users\Hakan Batirhan.DESKTOP-KA8SOKR\.m2\repository\io\cucumber\tag-expressions\5.0.1\tag-expressions-5.0.1.jar;C:\Users\Hakan Batirhan.DESKTOP-KA8SOKR\.m2\repository\io\cucumber\cucumber-expressions\16.1.2\cucumber-expressions-16.1.2.jar;C:\Users\Hakan Batirhan.DESKTOP-KA8SOKR\.m2\repository\io\cucumber\datatable\7.11.2\datatable-7.11.2.jar;C:\Users\Hakan Batirhan.DESKTOP-KA8SOKR\.m2\repository\io\cucumber\cucumber-plugin\7.11.2\cucumber-plugin-7.11.2.jar;C:\Users\Hakan Batirhan.DESKTOP-KA8SOKR\.m2\repository\io\cucumber\docstring\7.11.2\docstring-7.11.2.jar;C:\Users\Hakan Batirhan.DESKTOP-KA8SOKR\.m2\repository\io\cucumber\html-formatter\20.2.1\html-formatter-20.2.1.jar;C:\Users\Hakan Batirhan.DESKTOP-KA8SOKR\.m2\repository\io\cucumber\junit-xml-formatter\0.1.0\junit-xml-formatter-0.1.0.jar;C:\Users\Hakan Batirhan.DESKTOP-KA8SOKR\.m2\repository\io\cucumber\ci-environment\9.1.0\ci-environment-9.1.0.jar;C:\Users\Hakan Batirhan.DESKTOP-KA8SOKR\.m2\repository\org\apiguardian\apiguardian-api\1.1.2\apiguardian-api-1.1.2.jar;C:\Users\Hakan Batirhan.DESKTOP-KA8SOKR\.m2\repository\io\cucumber\cucumber-junit\7.11.2\cucumber-junit-7.11.2.jar;C:\Users\Hakan Batirhan.DESKTOP-KA8SOKR\.m2\repository\junit\junit\4.13.2\junit-4.13.2.jar;C:\Users\Hakan Batirhan.DESKTOP-KA8SOKR\.m2\repository\org\hamcrest\hamcrest-core\1.3\hamcrest-core-1.3.jar;C:\Users\Hakan Batirhan.DESKTOP-KA8SOKR\.m2\repository\org\apache\poi\poi\5.2.3\poi-5.2.3.jar;C:\Users\Hakan Batirhan.DESKTOP-KA8SOKR\.m2\repository\commons-codec\commons-codec\1.15\commons-codec-1.15.jar;C:\Users\Hakan Batirhan.DESKTOP-KA8SOKR\.m2\repository\org\apache\commons\commons-collections4\4.4\commons-collections4-4.4.jar;C:\Users\Hakan Batirhan.DESKTOP-KA8SOKR\.m2\repository\org\apache\commons\commons-math3\3.6.1\commons-math3-3.6.1.jar;C:\Users\Hakan Batirhan.DESKTOP-KA8SOKR\.m2\repository\commons-io\commons-io\2.11.0\commons-io-2.11.0.jar;C:\Users\Hakan Batirhan.DESKTOP-KA8SOKR\.m2\repository\com\zaxxer\SparseBitSet\1.2\SparseBitSet-1.2.jar;C:\Users\Hakan Batirhan.DESKTOP-KA8SOKR\.m2\repository\org\apache\logging\log4j\log4j-api\2.18.0\log4j-api-2.18.0.jar;C:\Users\Hakan Batirhan.DESKTOP-KA8SOKR\.m2\repository\tech\grasshopper\extentreports-cucumber7-adapter\1.13.0\extentreports-cucumber7-adapter-1.13.0.jar;C:\Users\Hakan Batirhan.DESKTOP-KA8SOKR\.m2\repository\tech\grasshopper\extent-pdf-report\2.11.0\extent-pdf-report-2.11.0.jar;C:\Users\Hakan Batirhan.DESKTOP-KA8SOKR\.m2\repository\tech\grasshopper\cucumber-pdf-report\2.13.0\cucumber-pdf-report-2.13.0.jar;C:\Users\Hakan Batirhan.DESKTOP-KA8SOKR\.m2\repository\org\apache\pdfbox\pdfbox\2.0.26\pdfbox-2.0.26.jar;C:\Users\Hakan Batirhan.DESKTOP-KA8SOKR\.m2\repository\org\apache\pdfbox\fontbox\2.0.26\fontbox-2.0.26.jar;C:\Users\Hakan Batirhan.DESKTOP-KA8SOKR\.m2\repository\org\knowm\xchart\xchart\3.8.0\xchart-3.8.0.jar;C:\Users\Hakan Batirhan.DESKTOP-KA8SOKR\.m2\repository\de\erichseifert\vectorgraphics2d\VectorGraphics2D\0.13\VectorGraphics2D-0.13.jar;C:\Users\Hakan Batirhan.DESKTOP-KA8SOKR\.m2\repository\de\rototor\pdfbox\graphics2d\0.30\graphics2d-0.30.jar;C:\Users\Hakan Batirhan.DESKTOP-KA8SOKR\.m2\repository\com\madgag\animated-gif-lib\1.4\animated-gif-lib-1.4.jar;C:\Users\Hakan Batirhan.DESKTOP-KA8SOKR\.m2\repository\org\yaml\snakeyaml\2.0\snakeyaml-2.0.jar;C:\Users\Hakan Batirhan.DESKTOP-KA8SOKR\.m2\repository\tech\grasshopper\table-layout\1.5.1\table-layout-1.5.1.jar;C:\Users\Hakan Batirhan.DESKTOP-KA8SOKR\.m2\repository\tech\grasshopper\rest-assured-cucumber-pdf-report\1.4.1\rest-assured-cucumber-pdf-report-1.4.1.jar;C:\Users\Hakan Batirhan.DESKTOP-KA8SOKR\.m2\repository\org\jsoup\jsoup\1.15.3\jsoup-1.15.3.jar;C:\Users\Hakan Batirhan.DESKTOP-KA8SOKR\.m2\repository\com\aventstack\klov-reporter\5.0.9\klov-reporter-5.0.9.jar;C:\Users\Hakan Batirhan.DESKTOP-KA8SOKR\.m2\repository\org\mongodb\mongodb-driver\3.6.4\mongodb-driver-3.6.4.jar;C:\Users\Hakan Batirhan.DESKTOP-KA8SOKR\.m2\repository\org\mongodb\mongodb-driver-core\3.6.4\mongodb-driver-core-3.6.4.jar;C:\Users\Hakan Batirhan.DESKTOP-KA8SOKR\.m2\repository\org\mongodb\bson\3.6.4\bson-3.6.4.jar;C:\Users\Hakan Batirhan.DESKTOP-KA8SOKR\.m2\repository\tech\grasshopper\htmlextentreporter\1.0.1\htmlextentreporter-1.0.1.jar;C:\Users\Hakan Batirhan.DESKTOP-KA8SOKR\.m2\repository\tech\grasshopper\extent-excel-report\1.3.0\extent-excel-report-1.3.0.jar;C:\Users\Hakan Batirhan.DESKTOP-KA8SOKR\.m2\repository\org\testng\testng\7.8.0\testng-7.8.0.jar;C:\Users\Hakan Batirhan.DESKTOP-KA8SOKR\.m2\repository\com\beust\jcommander\1.82\jcommander-1.82.jar;C:\Users\Hakan Batirhan.DESKTOP-KA8SOKR\.m2\repository\org\webjars\jquery\3.6.1\jquery-3.6.1.jar;C:\Users\Hakan Batirhan.DESKTOP-KA8SOKR\.m2\repository\com\aventstack\extentreports\5.0.9\extentreports-5.0.9.jar;C:\Users\Hakan Batirhan.DESKTOP-KA8SOKR\.m2\repository\io\reactivex\rxjava3\rxjava\3.0.4\rxjava-3.0.4.jar;C:\Users\Hakan Batirhan.DESKTOP-KA8SOKR\.m2\repository\org\reactivestreams\reactive-streams\1.0.3\reactive-streams-1.0.3.jar;C:\Users\Hakan Batirhan.DESKTOP-KA8SOKR\.m2\repository\org\freemarker\freemarker\2.3.30\freemarker-2.3.30.jar;C:\Users\Hakan Batirhan.DESKTOP-KA8SOKR\.m2\repository\com\google\code\gson\gson\2.8.6\gson-2.8.6.jar;C:\Users\Hakan Batirhan.DESKTOP-KA8SOKR\.m2\repository\com\github\javafaker\javafaker\1.0.1\javafaker-1.0.1.jar;C:\Users\Hakan Batirhan.DESKTOP-KA8SOKR\.m2\repository\org\apache\commons\commons-lang3\3.5\commons-lang3-3.5.jar;C:\Users\Hakan Batirhan.DESKTOP-KA8SOKR\.m2\repository\org\yaml\snakeyaml\1.23\snakeyaml-1.23-android.jar;C:\Users\Hakan Batirhan.DESKTOP-KA8SOKR\.m2\repository\com\github\mifmif\generex\1.0.2\generex-1.0.2.jar;C:\Users\Hakan Batirhan.DESKTOP-KA8SOKR\.m2\repository\dk\brics\automaton\automaton\1.11-8\automaton-1.11-8.jar;C:\Users\Hakan Batirhan.DESKTOP-KA8SOKR\.m2\repository\org\postgresql\postgresql\42.6.0\postgresql-42.6.0.jar;C:\Users\Hakan Batirhan.DESKTOP-KA8SOKR\.m2\repository\org\checkerframework\checker-qual\3.31.0\checker-qual-3.31.0.jar;C:\Users\Hakan Batirhan.DESKTOP-KA8SOKR\.m2\repository\org\apache\poi\poi-ooxml\5.2.3\poi-ooxml-5.2.3.jar;C:\Users\Hakan Batirhan.DESKTOP-KA8SOKR\.m2\repository\org\apache\poi\poi-ooxml-lite\5.2.3\poi-ooxml-lite-5.2.3.jar;C:\Users\Hakan Batirhan.DESKTOP-KA8SOKR\.m2\repository\org\apache\xmlbeans\xmlbeans\5.1.1\xmlbeans-5.1.1.jar;C:\Users\Hakan Batirhan.DESKTOP-KA8SOKR\.m2\repository\org\apache\commons\commons-compress\1.21\commons-compress-1.21.jar;C:\Users\Hakan Batirhan.DESKTOP-KA8SOKR\.m2\repository\com\github\virtuald\curvesapi\1.07\curvesapi-1.07.jar;C:\Users\Hakan Batirhan.DESKTOP-KA8SOKR\.m2\repository\log4j\log4j\1.2.17\log4j-1.2.17.jar;C:\Users\Hakan Batirhan.DESKTOP-KA8SOKR\.m2\repository\org\projectlombok\lombok\1.18.26\lombok-1.18.26.jar;C:\Users\Hakan Batirhan.DESKTOP-KA8SOKR\.m2\repository\io\rest-assured\rest-assured\5.3.1\rest-assured-5.3.1.jar;C:\Users\Hakan Batirhan.DESKTOP-KA8SOKR\.m2\repository\org\apache\groovy\groovy\4.0.11\groovy-4.0.11.jar;C:\Users\Hakan Batirhan.DESKTOP-KA8SOKR\.m2\repository\org\apache\groovy\groovy-xml\4.0.11\groovy-xml-4.0.11.jar;C:\Users\Hakan Batirhan.DESKTOP-KA8SOKR\.m2\repository\org\apache\httpcomponents\httpclient\4.5.13\httpclient-4.5.13.jar;C:\Users\Hakan Batirhan.DESKTOP-KA8SOKR\.m2\repository\org\apache\httpcomponents\httpcore\4.4.13\httpcore-4.4.13.jar;C:\Users\Hakan Batirhan.DESKTOP-KA8SOKR\.m2\repository\commons-logging\commons-logging\1.2\commons-logging-1.2.jar;C:\Users\Hakan Batirhan.DESKTOP-KA8SOKR\.m2\repository\org\apache\httpcomponents\httpmime\4.5.13\httpmime-4.5.13.jar;C:\Users\Hakan Batirhan.DESKTOP-KA8SOKR\.m2\repository\org\hamcrest\hamcrest\2.2\hamcrest-2.2.jar;C:\Users\Hakan Batirhan.DESKTOP-KA8SOKR\.m2\repository\org\ccil\cowan\tagsoup\tagsoup\1.2.1\tagsoup-1.2.1.jar;C:\Users\Hakan Batirhan.DESKTOP-KA8SOKR\.m2\repository\io\rest-assured\json-path\5.3.1\json-path-5.3.1.jar;C:\Users\Hakan Batirhan.DESKTOP-KA8SOKR\.m2\repository\org\apache\groovy\groovy-json\4.0.11\groovy-json-4.0.11.jar;C:\Users\Hakan Batirhan.DESKTOP-KA8SOKR\.m2\repository\io\rest-assured\rest-assured-common\5.3.1\rest-assured-common-5.3.1.jar;C:\Users\Hakan Batirhan.DESKTOP-KA8SOKR\.m2\repository\io\rest-assured\xml-path\5.3.1\xml-path-5.3.1.jar;C:\Users\Hakan Batirhan.DESKTOP-KA8SOKR\.m2\repository\org\slf4j\slf4j-api\1.7.36\slf4j-api-1.7.36.jar;C:\Users\Hakan Batirhan.DESKTOP-KA8SOKR\.m2\repository\org\slf4j\slf4j-simple\1.7.36\slf4j-simple-1.7.36.jar;"/>
    <property name="sun.cpu.endian" value="little"/>
    <property name="user.home" value="C:\Users\Hakan Batirhan.DESKTOP-KA8SOKR"/>
    <property name="user.language" value="tr"/>
    <property name="java.specification.vendor" value="Oracle Corporation"/>
    <property name="java.version.date" value="2023-04-18"/>
    <property name="java.home" value="C:\Program Files\Java\jdk-11"/>
    <property name="file.separator" value="\"/>
    <property name="basedir" value="C:\Users\Hakan Batirhan.DESKTOP-KA8SOKR\IdeaProjects\Batch129Cucumber_Practice"/>
    <property name="java.vm.compressedOopsMode" value="Zero based"/>
    <property name="line.separator" value="&#10;"/>
    <property name="java.specification.name" value="Java Platform API Specification"/>
    <property name="java.vm.specification.vendor" value="Oracle Corporation"/>
    <property name="java.awt.graphicsenv" value="sun.awt.Win32GraphicsEnvironment"/>
    <property name="surefire.real.class.path" value="C:\Users\Hakan Batirhan.DESKTOP-KA8SOKR\AppData\Local\Temp\surefire14676019177696209570\surefirebooter-20231009182438081_3.jar"/>
    <property name="user.script" value=""/>
    <property name="sun.management.compiler" value="HotSpot 64-Bit Tiered Compilers"/>
    <property name="java.runtime.version" value="11.0.19+9-LTS-224"/>
    <property name="user.name" value="HakanBatirhan"/>
    <property name="path.separator" value=";"/>
    <property name="os.version" value="10.0"/>
    <property name="java.runtime.name" value="Java(TM) SE Runtime Environment"/>
    <property name="file.encoding" value="Cp1254"/>
    <property name="java.vm.name" value="Java HotSpot(TM) 64-Bit Server VM"/>
    <property name="java.vendor.version" value="18.9"/>
    <property name="localRepository" value="C:\Users\Hakan Batirhan.DESKTOP-KA8SOKR\.m2\repository"/>
    <property name="java.vendor.url.bug" value="https://bugreport.java.com/bugreport/"/>
    <property name="java.io.tmpdir" value="C:\Users\HAKANB~1.DES\AppData\Local\Temp\"/>
    <property name="idea.version" value="2023.2.2"/>
    <property name="java.version" value="11.0.19"/>
    <property name="user.dir" value="C:\Users\Hakan Batirhan.DESKTOP-KA8SOKR\IdeaProjects\Batch129Cucumber_Practice"/>
    <property name="os.arch" value="amd64"/>
    <property name="java.vm.specification.name" value="Java Virtual Machine Specification"/>
    <property name="java.awt.printerjob" value="sun.awt.windows.WPrinterJob"/>
    <property name="sun.os.patch.level" value=""/>
    <property name="java.library.path" value="C:\Program Files\Java\jdk-11\bin;C:\WINDOWS\Sun\Java\bin;C:\WINDOWS\system32;C:\WINDOWS;C:\Program Files\Common Files\Oracle\Java\javapath;C:\Users\Hakan Batirhan.DESKTOP-KA8SOKR\AppData\Local\Programs\Python\Python311;C:\Users\HakanBatirhan\AppData\Local\Android\Sdk\platform-tools;C:\Users\HakanBatirhan\AppData\Local\Android\Sdkcmdline-tools;C:\WINDOWS\system32;C:\WINDOWS;C:\WINDOWS\System32\Wbem;C:\WINDOWS\System32\WindowsPowerShell\v1.0\;C:\WINDOWS\System32\OpenSSH\;C:\Program Files (x86)\Windows Kits\10\Windows Performance Toolkit\;C:\Users\Hakan Batirhan.DESKTOP-KA8SOKR\AppData\Roaming\npm;C:\ProgramData\chocolatey\bin;C:\Program Files\nodejs\;C:\Program Files\PowerShell\7\;C:\Program Files\Git\cmd;C:\Users\Hakan Batirhan.DESKTOP-KA8SOKR\AppData\Local\Programs\Python\Python311\Scripts\;C:\Users\Hakan Batirhan.DESKTOP-KA8SOKR\AppData\Local\Programs\Python\Python311;C:\Program Files\Java\jdk-11\bin;C:\Program Files\JetBrains\IntelliJ IDEA Community Edition 2022.3.2\bin;;C:\Program Files\apache-maven-3.9.4\bin;C:\Users\Hakan Batirhan.DESKTOP-KA8SOKR\AppData\Local\Microsoft\WindowsApps;C:\Users\Hakan Batirhan.DESKTOP-KA8SOKR\AppData\Local\Programs\Microsoft VS Code\bin;C:\Users\Hakan Batirhan.DESKTOP-KA8SOKR\AppData\Roaming\npm;;."/>
    <property name="java.vendor" value="Oracle Corporation"/>
    <property name="java.vm.info" value="mixed mode"/>
    <property name="java.vm.version" value="11.0.19+9-LTS-224"/>
    <property name="sun.io.unicode.encoding" value="UnicodeLittle"/>
    <property name="java.class.version" value="55.0"/>
  </properties>
</testsuite>